  Prime_Num_Generator.cpp
C:\Program Files\Microsoft Visual Studio\2022\Enterprise\VC\Tools\MSVC\14.38.33130\include\sal.h(2361,1): error C2144: syntax error: 'int' should be preceded by ';'
  (compiling source file 'Prime_Num_Generator.cpp')
  
C:\Program Files\Microsoft Visual Studio\2022\Enterprise\VC\Tools\MSVC\14.38.33130\include\sal.h(2361,8): error C4430: missing type specifier - int assumed. Note: C++ does not support default-int
  (compiling source file 'Prime_Num_Generator.cpp')
  
C:\Users\benst\source\repos\Prime_Num_Generator\Prime_Num_Generator\Prime_Num_Generator.cpp(10,9): error C2601: 'prime_sive': local function definitions are illegal
  C:\Users\benst\source\repos\Prime_Num_Generator\Prime_Num_Generator\Prime_Num_Generator.cpp(7,1):
  this line contains a '{' which has not yet been matched
  
C:\Users\benst\source\repos\Prime_Num_Generator\Prime_Num_Generator\Prime_Num_Generator.cpp(11,21): error C2131: expression did not evaluate to a constant
  C:\Users\benst\source\repos\Prime_Num_Generator\Prime_Num_Generator\Prime_Num_Generator.cpp(11,21):
  failure was caused by a read of a variable outside its lifetime
  C:\Users\benst\source\repos\Prime_Num_Generator\Prime_Num_Generator\Prime_Num_Generator.cpp(11,21):
  see usage of 'uptoo'
  
C:\Users\benst\source\repos\Prime_Num_Generator\Prime_Num_Generator\Prime_Num_Generator.cpp(12,24): error C2143: syntax error: missing ';' before ':'
C:\Users\benst\source\repos\Prime_Num_Generator\Prime_Num_Generator\Prime_Num_Generator.cpp(12,36): error C2143: syntax error: missing ';' before ':'
C:\Users\benst\source\repos\Prime_Num_Generator\Prime_Num_Generator\Prime_Num_Generator.cpp(12,36): error C2143: syntax error: missing ')' before ':'
C:\Users\benst\source\repos\Prime_Num_Generator\Prime_Num_Generator\Prime_Num_Generator.cpp(12,36): error C2059: syntax error: ':'
C:\Users\benst\source\repos\Prime_Num_Generator\Prime_Num_Generator\Prime_Num_Generator.cpp(12,41): error C2059: syntax error: ')'
C:\Users\benst\source\repos\Prime_Num_Generator\Prime_Num_Generator\Prime_Num_Generator.cpp(12,43): error C2143: syntax error: missing ';' before '{'
C:\Users\benst\source\repos\Prime_Num_Generator\Prime_Num_Generator\Prime_Num_Generator.cpp(13,21): error C2065: 'i': undeclared identifier
C:\Users\benst\source\repos\Prime_Num_Generator\Prime_Num_Generator\Prime_Num_Generator.cpp(13,26): error C2065: 'i': undeclared identifier
C:\Users\benst\source\repos\Prime_Num_Generator\Prime_Num_Generator\Prime_Num_Generator.cpp(28,40): error C3863: array type 'int [uptoo]' is not assignable
C:\Users\benst\source\repos\Prime_Num_Generator\Prime_Num_Generator\Prime_Num_Generator.cpp(35,24): error C2143: syntax error: missing ';' before ':'
C:\Users\benst\source\repos\Prime_Num_Generator\Prime_Num_Generator\Prime_Num_Generator.cpp(43,20): error C2131: expression did not evaluate to a constant
  C:\Users\benst\source\repos\Prime_Num_Generator\Prime_Num_Generator\Prime_Num_Generator.cpp(43,20):
  failure was caused by a read of a variable outside its lifetime
  C:\Users\benst\source\repos\Prime_Num_Generator\Prime_Num_Generator\Prime_Num_Generator.cpp(43,20):
  see usage of 'num_primes'
  
C:\Users\benst\source\repos\Prime_Num_Generator\Prime_Num_Generator\Prime_Num_Generator.cpp(44,24): error C2143: syntax error: missing ';' before ':'
C:\Users\benst\source\repos\Prime_Num_Generator\Prime_Num_Generator\Prime_Num_Generator.cpp(46,37): error C3863: array type 'int [num_primes]' is not assignable
C:\Users\benst\source\repos\Prime_Num_Generator\Prime_Num_Generator\Prime_Num_Generator.cpp(55,5): error C2143: syntax error: missing ';' before '}'
